<?xml version="1.0" encoding="UTF-8"?>
<!-- Generated by org.testng.reporters.JUnitXMLReporter -->
<testsuite hostname="DESKTOP-QI1A0TH" ignored="0" name="ConsultaPorCategoriaErrado" tests="1" failures="0" timestamp="2020-03-01T18:46:12 BRT" time="0.015" errors="0">
  <testcase name="@BeforeMethod inicio" time="0.008" classname="br.com.rsinet.hub_tdd.testes.falhas.ConsultaPorCategoriaErrado">
    <failure type="java.lang.IllegalStateException" message="The path to the driver executable must be set by the webdriver.chrome.driver system property; for more information, see https://github.com/SeleniumHQ/selenium/wiki/ChromeDriver. The latest version can be downloaded from http://chromedriver.storage.googleapis.com/index.html">
      <![CDATA[java.lang.IllegalStateException: The path to the driver executable must be set by the webdriver.chrome.driver system property; for more information, see https://github.com/SeleniumHQ/selenium/wiki/ChromeDriver. The latest version can be downloaded from http://chromedriver.storage.googleapis.com/index.html
at com.google.common.base.Preconditions.checkState(Preconditions.java:847)
at org.openqa.selenium.remote.service.DriverService.findExecutable(DriverService.java:134)
at org.openqa.selenium.chrome.ChromeDriverService.access$000(ChromeDriverService.java:35)
at org.openqa.selenium.chrome.ChromeDriverService$Builder.findDefaultExecutable(ChromeDriverService.java:159)
at org.openqa.selenium.remote.service.DriverService$Builder.build(DriverService.java:355)
at org.openqa.selenium.chrome.ChromeDriverService.createDefaultService(ChromeDriverService.java:94)
at org.openqa.selenium.chrome.ChromeDriver.<init>(ChromeDriver.java:123)
at br.com.rsinet.hub_tdd.utils.DriverFactory.iniciaBrowser(DriverFactory.java:37)
at br.com.rsinet.hub_tdd.testes.falhas.ConsultaPorCategoriaErrado.inicio(ConsultaPorCategoriaErrado.java:31)
at java.util.ArrayList.forEach(Unknown Source)
... Removed 31 stack frames]]>
    </failure>
  </testcase> <!-- @BeforeMethod inicio -->
  <testcase name="@AfterMethod fim" time="-1.583099172791E9" classname="br.com.rsinet.hub_tdd.testes.falhas.ConsultaPorCategoriaErrado">
    <skipped/>
  </testcase> <!-- @AfterMethod fim -->
  <testcase name="consultaPorCategoriaComQuantidadeAcimaDoPermitidoNoCarrinho" time="0.0" classname="br.com.rsinet.hub_tdd.testes.falhas.ConsultaPorCategoriaErrado">
    <skipped/>
  </testcase> <!-- consultaPorCategoriaComQuantidadeAcimaDoPermitidoNoCarrinho -->
</testsuite> <!-- ConsultaPorCategoriaErrado -->
