<?xml version="1.0" encoding="UTF-8"?>
<!-- Generated by org.testng.reporters.JUnitXMLReporter -->
<testsuite hostname="DESKTOP-QI1A0TH" ignored="0" name="Suite de testes para projeto de automação em TDD" tests="6" failures="1" timestamp="2020-03-01T20:23:42 BRT" time="116.311" errors="0">
  <testcase name="cadastrarUsuarioNoBanco" time="17.368" classname="br.com.rsinet.hub_tdd.testes.sucessos.CadastroSucesso"/>
  <testcase name="cadastroComPreenchimentoDeDadosIncorretos" time="17.363" classname="br.com.rsinet.hub_tdd.testes.falhas.CadastroErrado"/>
  <testcase name="consultaProdutoPorBarraDePesquisa" time="6.61" classname="br.com.rsinet.hub_tdd.testes.sucessos.ConsultaPorBarraDePesquisaSucesso"/>
  <testcase name="consultaPorBarraDePesquisaComProdutoInexistenteNoBanco" time="12.063" classname="br.com.rsinet.hub_tdd.testes.falhas.ConsultaPorBarraDePesquisaErrado">
    <failure type="org.openqa.selenium.ElementNotInteractableException" message="element not interactable
  (Session info: chrome=80.0.3987.122)
Build info: version: &amp;apos;3.141.59&amp;apos;, revision: &amp;apos;e82be7d358&amp;apos;, time: &amp;apos;2018-11-14T08:17:03&amp;apos;
System info: host: &amp;apos;DESKTOP-QI1A0TH&amp;apos;, ip: &amp;apos;192.168.25.213&amp;apos;, os.name: &amp;apos;Windows 10&amp;apos;, os.arch: &amp;apos;amd64&amp;apos;, os.version: &amp;apos;10.0&amp;apos;, java.version: &amp;apos;1.8.0_241&amp;apos;
Driver info: org.openqa.selenium.chrome.ChromeDriver
Capabilities {acceptInsecureCerts: false, browserName: chrome, browserVersion: 80.0.3987.122, chrome: {chromedriverVersion: 80.0.3987.106 (f68069574609..., userDataDir: C:\Users\Lucas\AppData\Loca...}, goog:chromeOptions: {debuggerAddress: localhost:59921}, javascriptEnabled: true, networkConnectionEnabled: false, pageLoadStrategy: normal, platform: WINDOWS, platformName: WINDOWS, proxy: Proxy(), setWindowRect: true, strictFileInteractability: false, timeouts: {implicit: 0, pageLoad: 300000, script: 30000}, unhandledPromptBehavior: dismiss and notify}
Session ID: 68f996799e1ae81aaaf0cfcd0dba2c08">
      <![CDATA[org.openqa.selenium.ElementNotInteractableException: element not interactable
  (Session info: chrome=80.0.3987.122)
Build info: version: '3.141.59', revision: 'e82be7d358', time: '2018-11-14T08:17:03'
System info: host: 'DESKTOP-QI1A0TH', ip: '192.168.25.213', os.name: 'Windows 10', os.arch: 'amd64', os.version: '10.0', java.version: '1.8.0_241'
Driver info: org.openqa.selenium.chrome.ChromeDriver
Capabilities {acceptInsecureCerts: false, browserName: chrome, browserVersion: 80.0.3987.122, chrome: {chromedriverVersion: 80.0.3987.106 (f68069574609..., userDataDir: C:\Users\Lucas\AppData\Loca...}, goog:chromeOptions: {debuggerAddress: localhost:59921}, javascriptEnabled: true, networkConnectionEnabled: false, pageLoadStrategy: normal, platform: WINDOWS, platformName: WINDOWS, proxy: Proxy(), setWindowRect: true, strictFileInteractability: false, timeouts: {implicit: 0, pageLoad: 300000, script: 30000}, unhandledPromptBehavior: dismiss and notify}
Session ID: 68f996799e1ae81aaaf0cfcd0dba2c08
at org.openqa.selenium.remote.http.W3CHttpResponseCodec.createException(W3CHttpResponseCodec.java:187)
at org.openqa.selenium.remote.http.W3CHttpResponseCodec.decode(W3CHttpResponseCodec.java:122)
at org.openqa.selenium.remote.http.W3CHttpResponseCodec.decode(W3CHttpResponseCodec.java:49)
at org.openqa.selenium.remote.HttpCommandExecutor.execute(HttpCommandExecutor.java:158)
at org.openqa.selenium.remote.service.DriverCommandExecutor.execute(DriverCommandExecutor.java:83)
at org.openqa.selenium.remote.RemoteWebDriver.execute(RemoteWebDriver.java:552)
at org.openqa.selenium.remote.RemoteWebElement.execute(RemoteWebElement.java:285)
at org.openqa.selenium.remote.RemoteWebElement.click(RemoteWebElement.java:84)
at org.openqa.selenium.support.pagefactory.internal.LocatingElementHandler.invoke(LocatingElementHandler.java:51)
at com.sun.proxy.$Proxy11.click(Unknown Source)
at br.com.rsinet.hub_tdd.pageObject.HomePage.bt_Lupa(HomePage.java:84)
at br.com.rsinet.hub_tdd.testes.falhas.ConsultaPorBarraDePesquisaErrado.consultaPorBarraDePesquisaComProdutoInexistenteNoBanco(ConsultaPorBarraDePesquisaErrado.java:56)
at java.util.ArrayList.forEach(Unknown Source)
... Removed 34 stack frames]]>
    </failure>
  </testcase> <!-- consultaPorBarraDePesquisaComProdutoInexistenteNoBanco -->
  <testcase name="consultaProdutoPorCategoriaEEfetuaCompra" time="8.216" classname="br.com.rsinet.hub_tdd.testes.sucessos.ConsultaPorCategoriaSucesso"/>
  <testcase name="consultaPorCategoriaComQuantidadeAcimaDoPermitidoNoCarrinho" time="8.587" classname="br.com.rsinet.hub_tdd.testes.falhas.ConsultaPorCategoriaErrado"/>
</testsuite> <!-- Suite de testes para projeto de automação em TDD -->
