<!DOCTYPE html PUBLIC "-//W3C//DTD XHTML 1.1//EN" "http://www.w3.org/TR/xhtml11/DTD/xhtml11.dtd">
<html xmlns="http://www.w3.org/1999/xhtml">
<head>
<meta http-equiv="content-type" content="text/html; charset=UTF-8"/>
<title>TestNG Report</title>
<style type="text/css">table {margin-bottom:10px;border-collapse:collapse;empty-cells:show}th,td {border:1px solid #009;padding:.25em .5em}th {vertical-align:bottom}td {vertical-align:top}table a {font-weight:bold}.stripe td {background-color: #E6EBF9}.num {text-align:right}.passedodd td {background-color: #3F3}.passedeven td {background-color: #0A0}.skippedodd td {background-color: #DDD}.skippedeven td {background-color: #CCC}.failedodd td,.attn {background-color: #F33}.failedeven td,.stripe .attn {background-color: #D00}.stacktrace {white-space:pre;font-family:monospace}.totop {font-size:85%;text-align:center;border-bottom:2px solid #000}.invisible {display:none}</style>
</head>
<body>
<table>
<tr><th>Test</th><th># Passed</th><th># Skipped</th><th># Retried</th><th># Failed</th><th>Time (ms)</th><th>Included Groups</th><th>Excluded Groups</th></tr>
<tr><th colspan="7">Teste de automação em TDD com TestNG</th></tr>
<tr><td><a href="#t0">Suite de testes para projeto de automação em TDD</a></td><td class="num">2</td><td class="num">0</td><td class="num">0</td><td class="num attn">4</td><td class="num">97,200</td><td></td><td></td></tr>
</table>
<table id='summary'><thead><tr><th>Class</th><th>Method</th><th>Start</th><th>Time (ms)</th></tr></thead><tbody><tr><th colspan="4">Teste de automação em TDD com TestNG</th></tr></tbody><tbody id="t0"><tr><th colspan="4">Suite de testes para projeto de automação em TDD &#8212; failed</th></tr><tr class="failedeven"><td rowspan="1">br.com.rsinet.hub_tdd.testes.falhas.CadastroErrado</td><td><a href="#m0">cadastroComPreenchimentoDeDadosIncorretos</a></td><td rowspan="1">1583103746031</td><td rowspan="1">14629</td></tr><tr class="failedodd"><td rowspan="1">br.com.rsinet.hub_tdd.testes.falhas.ConsultaPorCategoriaErrado</td><td><a href="#m1">consultaPorCategoriaComQuantidadeAcimaDoPermitidoNoCarrinho</a></td><td rowspan="1">1583103801896</td><td rowspan="1">9154</td></tr><tr class="failedeven"><td rowspan="1">br.com.rsinet.hub_tdd.testes.sucessos.CadastroSucesso</td><td><a href="#m2">cadastrarUsuarioNoBanco</a></td><td rowspan="1">1583103726130</td><td rowspan="1">13912</td></tr><tr class="failedodd"><td rowspan="1">br.com.rsinet.hub_tdd.testes.sucessos.ConsultaPorCategoriaSucesso</td><td><a href="#m3">consultaProdutoPorCategoriaEEfetuaCompra</a></td><td rowspan="1">1583103786646</td><td rowspan="1">8451</td></tr><tr><th colspan="4">Suite de testes para projeto de automação em TDD &#8212; passed</th></tr><tr class="passedeven"><td rowspan="1">br.com.rsinet.hub_tdd.testes.falhas.ConsultaPorBarraDePesquisaErrado</td><td><a href="#m4">consultaPorBarraDePesquisaComProdutoInexistenteNoBanco</a></td><td rowspan="1">1583103777547</td><td rowspan="1">3231</td></tr><tr class="passedodd"><td rowspan="1">br.com.rsinet.hub_tdd.testes.sucessos.ConsultaPorBarraDePesquisaSucesso</td><td><a href="#m5">consultaProdutoPorBarraDePesquisa</a></td><td rowspan="1">1583103765944</td><td rowspan="1">6288</td></tr></tbody>
</table>
<h2>Suite de testes para projeto de automação em TDD</h2><h3 id="m0">br.com.rsinet.hub_tdd.testes.falhas.CadastroErrado#cadastroComPreenchimentoDeDadosIncorretos</h3><table class="result"><tr><th>Exception</th></tr><tr><td><div class="stacktrace">org.openqa.selenium.NoSuchElementException: Cannot locate element with text: Brazil
For documentation on this error, please visit: https://www.seleniumhq.org/exceptions/no_such_element.html
Build info: version: &apos;3.141.59&apos;, revision: &apos;e82be7d358&apos;, time: &apos;2018-11-14T08:17:03&apos;
System info: host: &apos;DESKTOP-QI1A0TH&apos;, ip: &apos;192.168.25.213&apos;, os.name: &apos;Windows 10&apos;, os.arch: &apos;amd64&apos;, os.version: &apos;10.0&apos;, java.version: &apos;1.8.0_241&apos;
Driver info: driver.version: unknown
	at org.openqa.selenium.support.ui.Select.selectByVisibleText(Select.java:147)
	at br.com.rsinet.hub_tdd.pageObject.CadastroPage.preenchePais(CadastroPage.java:106)
	at br.com.rsinet.hub_tdd.testes.falhas.CadastroErrado.cadastroComPreenchimentoDeDadosIncorretos(CadastroErrado.java:75)
	at java.util.ArrayList.forEach(Unknown Source)
... Removed 27 stack frames</div></td></tr></table><p class="totop"><a href="#summary">back to summary</a></p>
<h3 id="m1">br.com.rsinet.hub_tdd.testes.falhas.ConsultaPorCategoriaErrado#consultaPorCategoriaComQuantidadeAcimaDoPermitidoNoCarrinho</h3><table class="result"><tr><th>Exception</th></tr><tr><td><div class="stacktrace">org.openqa.selenium.ElementClickInterceptedException: element click intercepted: Element &lt;a class=&quot;productName ng-binding&quot;&gt;...&lt;/a&gt; is not clickable at point (643, 589). Other element would receive the click: &lt;div class=&quot;PopUp&quot; style=&quot;display: block;&quot;&gt;...&lt;/div&gt;
  (Session info: chrome=80.0.3987.122)
Build info: version: &apos;3.141.59&apos;, revision: &apos;e82be7d358&apos;, time: &apos;2018-11-14T08:17:03&apos;
System info: host: &apos;DESKTOP-QI1A0TH&apos;, ip: &apos;192.168.25.213&apos;, os.name: &apos;Windows 10&apos;, os.arch: &apos;amd64&apos;, os.version: &apos;10.0&apos;, java.version: &apos;1.8.0_241&apos;
Driver info: org.openqa.selenium.chrome.ChromeDriver
Capabilities {acceptInsecureCerts: false, browserName: chrome, browserVersion: 80.0.3987.122, chrome: {chromedriverVersion: 80.0.3987.106 (f68069574609..., userDataDir: C:\Users\Lucas\AppData\Loca...}, goog:chromeOptions: {debuggerAddress: localhost:58934}, javascriptEnabled: true, networkConnectionEnabled: false, pageLoadStrategy: normal, platform: WINDOWS, platformName: WINDOWS, proxy: Proxy(), setWindowRect: true, strictFileInteractability: false, timeouts: {implicit: 0, pageLoad: 300000, script: 30000}, unhandledPromptBehavior: dismiss and notify}
Session ID: aee15ebc52e1c7aa3bc2ae0034734bfd
	at org.openqa.selenium.remote.http.W3CHttpResponseCodec.createException(W3CHttpResponseCodec.java:187)
	at org.openqa.selenium.remote.http.W3CHttpResponseCodec.decode(W3CHttpResponseCodec.java:122)
	at org.openqa.selenium.remote.http.W3CHttpResponseCodec.decode(W3CHttpResponseCodec.java:49)
	at org.openqa.selenium.remote.HttpCommandExecutor.execute(HttpCommandExecutor.java:158)
	at org.openqa.selenium.remote.service.DriverCommandExecutor.execute(DriverCommandExecutor.java:83)
	at org.openqa.selenium.remote.RemoteWebDriver.execute(RemoteWebDriver.java:552)
	at org.openqa.selenium.remote.RemoteWebElement.execute(RemoteWebElement.java:285)
	at org.openqa.selenium.remote.RemoteWebElement.click(RemoteWebElement.java:84)
	at br.com.rsinet.hub_tdd.pageObject.PesquisaPage.selecionaProdutoCat(PesquisaPage.java:43)
	at br.com.rsinet.hub_tdd.testes.falhas.ConsultaPorCategoriaErrado.consultaPorCategoriaComQuantidadeAcimaDoPermitidoNoCarrinho(ConsultaPorCategoriaErrado.java:75)
	at java.util.ArrayList.forEach(Unknown Source)
... Removed 31 stack frames</div></td></tr></table><p class="totop"><a href="#summary">back to summary</a></p>
<h3 id="m2">br.com.rsinet.hub_tdd.testes.sucessos.CadastroSucesso#cadastrarUsuarioNoBanco</h3><table class="result"><tr><th>Exception</th></tr><tr><td><div class="stacktrace">org.openqa.selenium.NoSuchElementException: Cannot locate element with text: Brazil
For documentation on this error, please visit: https://www.seleniumhq.org/exceptions/no_such_element.html
Build info: version: &apos;3.141.59&apos;, revision: &apos;e82be7d358&apos;, time: &apos;2018-11-14T08:17:03&apos;
System info: host: &apos;DESKTOP-QI1A0TH&apos;, ip: &apos;192.168.25.213&apos;, os.name: &apos;Windows 10&apos;, os.arch: &apos;amd64&apos;, os.version: &apos;10.0&apos;, java.version: &apos;1.8.0_241&apos;
Driver info: driver.version: unknown
	at org.openqa.selenium.support.ui.Select.selectByVisibleText(Select.java:147)
	at br.com.rsinet.hub_tdd.pageObject.CadastroPage.preenchePais(CadastroPage.java:106)
	at br.com.rsinet.hub_tdd.testes.sucessos.CadastroSucesso.cadastrarUsuarioNoBanco(CadastroSucesso.java:75)
	at java.util.ArrayList.forEach(Unknown Source)
... Removed 27 stack frames</div></td></tr></table><p class="totop"><a href="#summary">back to summary</a></p>
<h3 id="m3">br.com.rsinet.hub_tdd.testes.sucessos.ConsultaPorCategoriaSucesso#consultaProdutoPorCategoriaEEfetuaCompra</h3><table class="result"><tr><th>Exception</th></tr><tr><td><div class="stacktrace">org.openqa.selenium.ElementClickInterceptedException: element click intercepted: Element &lt;a class=&quot;productName ng-binding&quot;&gt;...&lt;/a&gt; is not clickable at point (643, 589). Other element would receive the click: &lt;div class=&quot;PopUp&quot; style=&quot;display: block;&quot;&gt;...&lt;/div&gt;
  (Session info: chrome=80.0.3987.122)
Build info: version: &apos;3.141.59&apos;, revision: &apos;e82be7d358&apos;, time: &apos;2018-11-14T08:17:03&apos;
System info: host: &apos;DESKTOP-QI1A0TH&apos;, ip: &apos;192.168.25.213&apos;, os.name: &apos;Windows 10&apos;, os.arch: &apos;amd64&apos;, os.version: &apos;10.0&apos;, java.version: &apos;1.8.0_241&apos;
Driver info: org.openqa.selenium.chrome.ChromeDriver
Capabilities {acceptInsecureCerts: false, browserName: chrome, browserVersion: 80.0.3987.122, chrome: {chromedriverVersion: 80.0.3987.106 (f68069574609..., userDataDir: C:\Users\Lucas\AppData\Loca...}, goog:chromeOptions: {debuggerAddress: localhost:58892}, javascriptEnabled: true, networkConnectionEnabled: false, pageLoadStrategy: normal, platform: WINDOWS, platformName: WINDOWS, proxy: Proxy(), setWindowRect: true, strictFileInteractability: false, timeouts: {implicit: 0, pageLoad: 300000, script: 30000}, unhandledPromptBehavior: dismiss and notify}
Session ID: c018599b6241c2e1d67d90b9bcefa91c
	at org.openqa.selenium.remote.http.W3CHttpResponseCodec.createException(W3CHttpResponseCodec.java:187)
	at org.openqa.selenium.remote.http.W3CHttpResponseCodec.decode(W3CHttpResponseCodec.java:122)
	at org.openqa.selenium.remote.http.W3CHttpResponseCodec.decode(W3CHttpResponseCodec.java:49)
	at org.openqa.selenium.remote.HttpCommandExecutor.execute(HttpCommandExecutor.java:158)
	at org.openqa.selenium.remote.service.DriverCommandExecutor.execute(DriverCommandExecutor.java:83)
	at org.openqa.selenium.remote.RemoteWebDriver.execute(RemoteWebDriver.java:552)
	at org.openqa.selenium.remote.RemoteWebElement.execute(RemoteWebElement.java:285)
	at org.openqa.selenium.remote.RemoteWebElement.click(RemoteWebElement.java:84)
	at br.com.rsinet.hub_tdd.pageObject.PesquisaPage.selecionaProdutoCat(PesquisaPage.java:43)
	at br.com.rsinet.hub_tdd.testes.sucessos.ConsultaPorCategoriaSucesso.consultaProdutoPorCategoriaEEfetuaCompra(ConsultaPorCategoriaSucesso.java:75)
	at java.util.ArrayList.forEach(Unknown Source)
... Removed 31 stack frames</div></td></tr></table><p class="totop"><a href="#summary">back to summary</a></p>
<h3 id="m4">br.com.rsinet.hub_tdd.testes.falhas.ConsultaPorBarraDePesquisaErrado#consultaPorBarraDePesquisaComProdutoInexistenteNoBanco</h3><table class="result"><tr><th class="invisible"/></tr></table><p class="totop"><a href="#summary">back to summary</a></p>
<h3 id="m5">br.com.rsinet.hub_tdd.testes.sucessos.ConsultaPorBarraDePesquisaSucesso#consultaProdutoPorBarraDePesquisa</h3><table class="result"><tr><th class="invisible"/></tr></table><p class="totop"><a href="#summary">back to summary</a></p>
</body>
</html>
